1619274429812	geckodriver	INFO	Listening on 127.0.0.1:55511
1619274429867	mozrunner::runner	INFO	Running command: "/usr/bin/firefox" "--marionette" "-foreground" "-no-remote" "-profile" "/tmp/rust_mozprofileQJi7NC"
1619274437313	addons.webextension.screenshots@mozilla.org	WARN	Loading extension 'screenshots@mozilla.org': Reading manifest: Invalid host permission: resource://pdf.js/
1619274437314	addons.webextension.screenshots@mozilla.org	WARN	Loading extension 'screenshots@mozilla.org': Reading manifest: Invalid host permission: about:reader*
1619274444823	Marionette	INFO	Listening on port 44091
1619274444923	Marionette	WARN	TLS certificate errors will be ignored for this session
console.error: BroadcastService: 
  receivedBroadcastMessage: handler for
  remote-settings/monitor_changes
  threw error:
  Message: Error: Polling for changes failed: NetworkError when attempting to fetch resource..
  Stack:
    remoteSettingsFunction/remoteSettings.pollChanges@resource://services-settings/remote-settings.js:188:13

1619274549142	Marionette	INFO	Stopped listening on port 44091
[Parent 4295, Gecko_IOThread] WARNING: pipe error (79): Connection reset by peer: file /build/firefox-HN7tk_/firefox-65.0+build2/ipc/chromium/src/chrome/common/ipc_channel_posix.cc, line 349
1619275227611	geckodriver	INFO	Listening on 127.0.0.1:42591
1619275227614	mozrunner::runner	INFO	Running command: "/usr/bin/firefox" "--marionette" "-foreground" "-no-remote" "-profile" "/tmp/rust_mozprofiley4yGG8"
1619275228066	addons.webextension.screenshots@mozilla.org	WARN	Loading extension 'screenshots@mozilla.org': Reading manifest: Invalid host permission: resource://pdf.js/
1619275228067	addons.webextension.screenshots@mozilla.org	WARN	Loading extension 'screenshots@mozilla.org': Reading manifest: Invalid host permission: about:reader*
1619275231340	Marionette	INFO	Listening on port 45069
1619275231429	Marionette	WARN	TLS certificate errors will be ignored for this session
console.error: BroadcastService: 
  receivedBroadcastMessage: handler for
  remote-settings/monitor_changes
  threw error:
  Message: Error: Polling for changes failed: NetworkError when attempting to fetch resource..
  Stack:
    remoteSettingsFunction/remoteSettings.pollChanges@resource://services-settings/remote-settings.js:188:13

1619276540231	geckodriver	INFO	Listening on 127.0.0.1:34463
1619276541218	mozrunner::runner	INFO	Running command: "/usr/bin/firefox" "--marionette" "-foreground" "-no-remote" "-profile" "/tmp/rust_mozprofiletzAxtU"
1619276542008	addons.webextension.screenshots@mozilla.org	WARN	Loading extension 'screenshots@mozilla.org': Reading manifest: Invalid host permission: resource://pdf.js/
1619276542008	addons.webextension.screenshots@mozilla.org	WARN	Loading extension 'screenshots@mozilla.org': Reading manifest: Invalid host permission: about:reader*
1619276545189	Marionette	INFO	Listening on port 36391
1619276545238	Marionette	WARN	TLS certificate errors will be ignored for this session
console.error: BroadcastService: 
  receivedBroadcastMessage: handler for
  remote-settings/monitor_changes
  threw error:
  Message: Error: Polling for changes failed: NetworkError when attempting to fetch resource..
  Stack:
    remoteSettingsFunction/remoteSettings.pollChanges@resource://services-settings/remote-settings.js:188:13

1619276625913	Marionette	INFO	Stopped listening on port 45069
1619276648848	Marionette	INFO	Stopped listening on port 36391
[Parent 8964, Gecko_IOThread] WARNING: pipe error (76): Connection reset by peer: file /build/firefox-HN7tk_/firefox-65.0+build2/ipc/chromium/src/chrome/common/ipc_channel_posix.cc, line 349
1619283416305	geckodriver	INFO	Listening on 127.0.0.1:57333
1619283417244	mozrunner::runner	INFO	Running command: "/usr/bin/firefox" "--marionette" "-foreground" "-no-remote" "-profile" "/tmp/rust_mozprofileiZQmdi"
1619283423207	addons.webextension.screenshots@mozilla.org	WARN	Loading extension 'screenshots@mozilla.org': Reading manifest: Invalid host permission: resource://pdf.js/
1619283423207	addons.webextension.screenshots@mozilla.org	WARN	Loading extension 'screenshots@mozilla.org': Reading manifest: Invalid host permission: about:reader*
1619283436619	Marionette	INFO	Listening on port 44451
1619283436717	Marionette	WARN	TLS certificate errors will be ignored for this session
console.error: BroadcastService: 
  receivedBroadcastMessage: handler for
  remote-settings/monitor_changes
  threw error:
  Message: Error: Polling for changes failed: NetworkError when attempting to fetch resource..
  Stack:
    remoteSettingsFunction/remoteSettings.pollChanges@resource://services-settings/remote-settings.js:188:13

1619283554075	Marionette	INFO	Stopped listening on port 44451
[Parent 2149, Gecko_IOThread] WARNING: pipe error (81): Connection reset by peer: file /build/firefox-HN7tk_/firefox-65.0+build2/ipc/chromium/src/chrome/common/ipc_channel_posix.cc, line 349
